# JRE version: OpenJDK Runtime Environment (11.0.13) (build 11.0.13+0-b1751.21-8125866)
# Java VM: OpenJDK 64-Bit Server VM (11.0.13+0-b1751.21-8125866, mixed mode, tiered, compressed oops, g1 gc, windows-amd64)
Heap:
 garbage-first heap   total 520192K, used 148564K [0x0000000080000000, 0x0000000100000000)
  region size 1024K, 68 young (69632K), 17 survivors (17408K)
 Metaspace       used 124522K, capacity 128249K, committed 128380K, reserved 1161216K
  class space    used 15894K, capacity 17377K, committed 17484K, reserved 1048576K
GC Heap History (20 events):
Event: 7.925 GC heap before
{Heap before GC invocations=2 (full 0):
 garbage-first heap   total 520192K, used 47111K [0x0000000080000000, 0x0000000100000000)
  region size 1024K, 37 young (37888K), 1 survivors (1024K)
 Metaspace       used 14397K, capacity 14777K, committed 15104K, reserved 1062912K
  class space    used 1605K, capacity 1718K, committed 1792K, reserved 1048576K
}
Event: 7.929 GC heap after
{Heap after GC invocations=3 (full 0):
 garbage-first heap   total 520192K, used 16075K [0x0000000080000000, 0x0000000100000000)
  region size 1024K, 5 young (5120K), 5 survivors (5120K)
 Metaspace       used 14397K, capacity 14777K, committed 15104K, reserved 1062912K
  class space    used 1605K, capacity 1718K, committed 1792K, reserved 1048576K
}
Event: 8.886 GC heap before
{Heap before GC invocations=3 (full 0):
 garbage-first heap   total 520192K, used 59083K [0x0000000080000000, 0x0000000100000000)
  region size 1024K, 48 young (49152K), 5 survivors (5120K)
 Metaspace       used 20835K, capacity 21247K, committed 21296K, reserved 1069056K
  class space    used 2531K, capacity 2686K, committed 2688K, reserved 1048576K
}
Event: 8.893 GC heap after
{Heap after GC invocations=4 (full 0):
 garbage-first heap   total 520192K, used 17790K [0x0000000080000000, 0x0000000100000000)
  region size 1024K, 2 young (2048K), 2 survivors (2048K)
 Metaspace       used 20835K, capacity 21247K, committed 21296K, reserved 1069056K
  class space    used 2531K, capacity 2686K, committed 2688K, reserved 1048576K
}
Event: 9.770 GC heap before
{Heap before GC invocations=5 (full 0):
 garbage-first heap   total 520192K, used 76158K [0x0000000080000000, 0x0000000100000000)
  region size 1024K, 59 young (60416K), 2 survivors (2048K)
 Metaspace       used 26964K, capacity 27600K, committed 27772K, reserved 1073152K
  class space    used 3492K, capacity 3707K, committed 3788K, reserved 1048576K
}
Event: 9.774 GC heap after
{Heap after GC invocations=6 (full 0):
 garbage-first heap   total 520192K, used 19756K [0x0000000080000000, 0x0000000100000000)
  region size 1024K, 4 young (4096K), 4 survivors (4096K)
 Metaspace       used 26964K, capacity 27600K, committed 27772K, reserved 1073152K
  class space    used 3492K, capacity 3707K, committed 3788K, reserved 1048576K
}
Event: 12.256 GC heap before
{Heap before GC invocations=6 (full 0):
 garbage-first heap   total 520192K, used 73004K [0x0000000080000000, 0x0000000100000000)
  region size 1024K, 57 young (58368K), 4 survivors (4096K)
 Metaspace       used 35157K, capacity 35897K, committed 35964K, reserved 1081344K
  class space    used 4507K, capacity 4795K, committed 4812K, reserved 1048576K
}
Event: 12.263 GC heap after
{Heap after GC invocations=7 (full 0):
 garbage-first heap   total 520192K, used 23416K [0x0000000080000000, 0x0000000100000000)
  region size 1024K, 8 young (8192K), 8 survivors (8192K)
 Metaspace       used 35157K, capacity 35897K, committed 35964K, reserved 1081344K
  class space    used 4507K, capacity 4795K, committed 4812K, reserved 1048576K
}
Event: 16.441 GC heap before
{Heap before GC invocations=8 (full 0):
 garbage-first heap   total 520192K, used 113528K [0x0000000080000000, 0x0000000100000000)
  region size 1024K, 94 young (96256K), 8 survivors (8192K)
 Metaspace       used 42689K, capacity 43743K, committed 44028K, reserved 1087488K
  class space    used 5446K, capacity 5840K, committed 5964K, reserved 1048576K
}
Event: 16.455 GC heap after
{Heap after GC invocations=9 (full 0):
 garbage-first heap   total 520192K, used 29267K [0x0000000080000000, 0x0000000100000000)
  region size 1024K, 12 young (12288K), 12 survivors (12288K)
 Metaspace       used 42689K, capacity 43743K, committed 44028K, reserved 1087488K
  class space    used 5446K, capacity 5840K, committed 5964K, reserved 1048576K
}
Event: 24.742 GC heap before
{Heap before GC invocations=9 (full 0):
 garbage-first heap   total 520192K, used 219731K [0x0000000080000000, 0x0000000100000000)
  region size 1024K, 194 young (198656K), 12 survivors (12288K)
 Metaspace       used 58856K, capacity 60200K, committed 60368K, reserved 1101824K
  class space    used 7401K, capacity 7917K, committed 8012K, reserved 1048576K
}
Event: 24.764 GC heap after
{Heap after GC invocations=10 (full 0):
 garbage-first heap   total 520192K, used 45112K [0x0000000080000000, 0x0000000100000000)
  region size 1024K, 23 young (23552K), 23 survivors (23552K)
 Metaspace       used 58856K, capacity 60200K, committed 60368K, reserved 1101824K
  class space    used 7401K, capacity 7917K, committed 8012K, reserved 1048576K
}
Event: 31.269 GC heap before
{Heap before GC invocations=11 (full 0):
 garbage-first heap   total 520192K, used 340024K [0x0000000080000000, 0x0000000100000000)
  region size 1024K, 304 young (311296K), 23 survivors (23552K)
 Metaspace       used 81667K, capacity 83573K, committed 83792K, reserved 1122304K
  class space    used 10651K, capacity 11385K, committed 11468K, reserved 1048576K
}
Event: 31.298 GC heap after
{Heap after GC invocations=12 (full 0):
 garbage-first heap   total 520192K, used 64182K [0x0000000080000000, 0x0000000100000000)
  region size 1024K, 37 young (37888K), 37 survivors (37888K)
 Metaspace       used 81667K, capacity 83573K, committed 83792K, reserved 1122304K
  class space    used 10651K, capacity 11385K, committed 11468K, reserved 1048576K
}
Event: 37.580 GC heap before
{Heap before GC invocations=12 (full 0):
 garbage-first heap   total 520192K, used 356022K [0x0000000080000000, 0x0000000100000000)
  region size 1024K, 304 young (311296K), 37 survivors (37888K)
 Metaspace       used 92676K, capacity 94862K, committed 95056K, reserved 1132544K
  class space    used 11827K, capacity 12648K, committed 12748K, reserved 1048576K
}
Event: 37.613 GC heap after
{Heap after GC invocations=13 (full 0):
 garbage-first heap   total 520192K, used 78596K [0x0000000080000000, 0x0000000100000000)
  region size 1024K, 34 young (34816K), 34 survivors (34816K)
 Metaspace       used 92676K, capacity 94862K, committed 95056K, reserved 1132544K
  class space    used 11827K, capacity 12648K, committed 12748K, reserved 1048576K
}
Event: 47.541 GC heap before
{Heap before GC invocations=13 (full 0):
 garbage-first heap   total 520192K, used 264964K [0x0000000080000000, 0x0000000100000000)
  region size 1024K, 218 young (223232K), 34 survivors (34816K)
 Metaspace       used 98760K, capacity 100929K, committed 101040K, reserved 1136640K
  class space    used 12521K, capacity 13368K, committed 13388K, reserved 1048576K
}
Event: 47.577 GC heap after
{Heap after GC invocations=14 (full 0):
 garbage-first heap   total 520192K, used 91136K [0x0000000080000000, 0x0000000100000000)
  region size 1024K, 26 young (26624K), 26 survivors (26624K)
 Metaspace       used 98760K, capacity 100929K, committed 101040K, reserved 1136640K
  class space    used 12521K, capacity 13368K, committed 13388K, reserved 1048576K
}
Event: 366.032 GC heap before
{Heap before GC invocations=15 (full 0):
 garbage-first heap   total 520192K, used 395264K [0x0000000080000000, 0x0000000100000000)
  region size 1024K, 304 young (311296K), 26 survivors (26624K)
 Metaspace       used 123897K, capacity 127673K, committed 127740K, reserved 1159168K
  class space    used 15881K, capacity 17353K, committed 17356K, reserved 1048576K
}
Event: 366.067 GC heap after
{Heap after GC invocations=16 (full 0):
 garbage-first heap   total 520192K, used 96340K [0x0000000080000000, 0x0000000100000000)
  region size 1024K, 17 young (17408K), 17 survivors (17408K)
 Metaspace       used 123897K, capacity 127673K, committed 127740K, reserved 1159168K
  class space    used 15881K, capacity 17353K, committed 17356K, reserved 1048576K
}

