# JRE version: OpenJDK Runtime Environment (11.0.13) (build 11.0.13+0-b1751.21-8125866)
# Java VM: OpenJDK 64-Bit Server VM (11.0.13+0-b1751.21-8125866, mixed mode, tiered, compressed oops, g1 gc, windows-amd64)
Heap:
 garbage-first heap   total 520192K, used 343592K [0x0000000080000000, 0x0000000100000000)
  region size 1024K, 115 young (117760K), 6 survivors (6144K)
 Metaspace       used 182728K, capacity 187979K, committed 188240K, reserved 1212416K
  class space    used 22714K, capacity 24514K, committed 24576K, reserved 1048576K
GC Heap History (20 events):
Event: 656.740 GC heap before
{Heap before GC invocations=21 (full 0):
 garbage-first heap   total 520192K, used 396764K [0x0000000080000000, 0x0000000100000000)
  region size 1024K, 184 young (188416K), 23 survivors (23552K)
 Metaspace       used 166412K, capacity 171321K, committed 171440K, reserved 1198080K
  class space    used 21688K, capacity 23424K, committed 23424K, reserved 1048576K
}
Event: 656.758 GC heap after
{Heap after GC invocations=22 (full 0):
 garbage-first heap   total 520192K, used 205312K [0x0000000080000000, 0x0000000100000000)
  region size 1024K, 13 young (13312K), 13 survivors (13312K)
 Metaspace       used 166412K, capacity 171321K, committed 171440K, reserved 1198080K
  class space    used 21688K, capacity 23424K, committed 23424K, reserved 1048576K
}
Event: 660.592 GC heap before
{Heap before GC invocations=23 (full 0):
 garbage-first heap   total 520192K, used 427520K [0x0000000080000000, 0x0000000100000000)
  region size 1024K, 227 young (232448K), 13 survivors (13312K)
 Metaspace       used 173961K, capacity 178699K, committed 178768K, reserved 1204224K
  class space    used 22292K, capacity 24011K, committed 24064K, reserved 1048576K
}
Event: 660.611 GC heap after
{Heap after GC invocations=24 (full 0):
 garbage-first heap   total 520192K, used 215040K [0x0000000080000000, 0x0000000100000000)
  region size 1024K, 20 young (20480K), 20 survivors (20480K)
 Metaspace       used 173961K, capacity 178699K, committed 178768K, reserved 1204224K
  class space    used 22292K, capacity 24011K, committed 24064K, reserved 1048576K
}
Event: 781.937 GC heap before
{Heap before GC invocations=25 (full 0):
 garbage-first heap   total 520192K, used 452608K [0x0000000080000000, 0x0000000100000000)
  region size 1024K, 230 young (235520K), 20 survivors (20480K)
 Metaspace       used 176021K, capacity 180540K, committed 181072K, reserved 1206272K
  class space    used 22195K, capacity 23808K, committed 24064K, reserved 1048576K
}
Event: 781.960 GC heap after
{Heap after GC invocations=26 (full 0):
 garbage-first heap   total 520192K, used 227215K [0x0000000080000000, 0x0000000100000000)
  region size 1024K, 28 young (28672K), 28 survivors (28672K)
 Metaspace       used 176021K, capacity 180540K, committed 181072K, reserved 1206272K
  class space    used 22195K, capacity 23808K, committed 24064K, reserved 1048576K
}
Event: 784.714 GC heap before
{Heap before GC invocations=26 (full 0):
 garbage-first heap   total 520192K, used 438159K [0x0000000080000000, 0x0000000100000000)
  region size 1024K, 214 young (219136K), 28 survivors (28672K)
 Metaspace       used 176696K, capacity 181242K, committed 181840K, reserved 1208320K
  class space    used 22213K, capacity 23839K, committed 24064K, reserved 1048576K
}
Event: 784.729 GC heap after
{Heap after GC invocations=27 (full 0):
 garbage-first heap   total 520192K, used 215246K [0x0000000080000000, 0x0000000100000000)
  region size 1024K, 7 young (7168K), 7 survivors (7168K)
 Metaspace       used 176696K, capacity 181242K, committed 181840K, reserved 1208320K
  class space    used 22213K, capacity 23839K, committed 24064K, reserved 1048576K
}
Event: 894.867 GC heap before
{Heap before GC invocations=27 (full 0):
 garbage-first heap   total 520192K, used 445646K [0x0000000080000000, 0x0000000100000000)
  region size 1024K, 210 young (215040K), 7 survivors (7168K)
 Metaspace       used 177517K, capacity 182075K, committed 182608K, reserved 1208320K
  class space    used 22221K, capacity 23850K, committed 24064K, reserved 1048576K
}
Event: 894.884 GC heap after
{Heap after GC invocations=28 (full 0):
 garbage-first heap   total 520192K, used 234842K [0x0000000080000000, 0x0000000100000000)
  region size 1024K, 27 young (27648K), 27 survivors (27648K)
 Metaspace       used 177517K, capacity 182075K, committed 182608K, reserved 1208320K
  class space    used 22221K, capacity 23850K, committed 24064K, reserved 1048576K
}
Event: 898.189 GC heap before
{Heap before GC invocations=28 (full 0):
 garbage-first heap   total 520192K, used 432474K [0x0000000080000000, 0x0000000100000000)
  region size 1024K, 202 young (206848K), 27 survivors (27648K)
 Metaspace       used 178108K, capacity 182697K, committed 182864K, reserved 1208320K
  class space    used 22268K, capacity 23904K, committed 24064K, reserved 1048576K
}
Event: 898.205 GC heap after
{Heap after GC invocations=29 (full 0):
 garbage-first heap   total 520192K, used 235129K [0x0000000080000000, 0x0000000100000000)
  region size 1024K, 4 young (4096K), 4 survivors (4096K)
 Metaspace       used 178108K, capacity 182697K, committed 182864K, reserved 1208320K
  class space    used 22268K, capacity 23904K, committed 24064K, reserved 1048576K
}
Event: 904.684 GC heap before
{Heap before GC invocations=29 (full 0):
 garbage-first heap   total 520192K, used 352889K [0x0000000080000000, 0x0000000100000000)
  region size 1024K, 119 young (121856K), 4 survivors (4096K)
 Metaspace       used 178613K, capacity 183312K, committed 183632K, reserved 1208320K
  class space    used 22300K, capacity 23944K, committed 24064K, reserved 1048576K
}
Event: 904.693 GC heap after
{Heap after GC invocations=30 (full 0):
 garbage-first heap   total 520192K, used 241273K [0x0000000080000000, 0x0000000100000000)
  region size 1024K, 10 young (10240K), 10 survivors (10240K)
 Metaspace       used 178613K, capacity 183312K, committed 183632K, reserved 1208320K
  class space    used 22300K, capacity 23944K, committed 24064K, reserved 1048576K
}
Event: 1134.254 GC heap before
{Heap before GC invocations=31 (full 0):
 garbage-first heap   total 520192K, used 439929K [0x0000000080000000, 0x0000000100000000)
  region size 1024K, 190 young (194560K), 10 survivors (10240K)
 Metaspace       used 180817K, capacity 185817K, committed 186064K, reserved 1210368K
  class space    used 22559K, capacity 24303K, committed 24448K, reserved 1048576K
}
Event: 1134.269 GC heap after
{Heap after GC invocations=32 (full 0):
 garbage-first heap   total 520192K, used 238201K [0x0000000080000000, 0x0000000100000000)
  region size 1024K, 9 young (9216K), 9 survivors (9216K)
 Metaspace       used 180817K, capacity 185817K, committed 186064K, reserved 1210368K
  class space    used 22559K, capacity 24303K, committed 24448K, reserved 1048576K
}
Event: 1134.471 GC heap before
{Heap before GC invocations=32 (full 0):
 garbage-first heap   total 520192K, used 254585K [0x0000000080000000, 0x0000000100000000)
  region size 1024K, 25 young (25600K), 9 survivors (9216K)
 Metaspace       used 181290K, capacity 186265K, committed 186576K, reserved 1212416K
  class space    used 22622K, capacity 24367K, committed 24448K, reserved 1048576K
}
Event: 1134.483 GC heap after
{Heap after GC invocations=33 (full 0):
 garbage-first heap   total 520192K, used 227847K [0x0000000080000000, 0x0000000100000000)
  region size 1024K, 2 young (2048K), 2 survivors (2048K)
 Metaspace       used 181290K, capacity 186265K, committed 186576K, reserved 1212416K
  class space    used 22622K, capacity 24367K, committed 24448K, reserved 1048576K
}
Event: 1982.001 GC heap before
{Heap before GC invocations=33 (full 0):
 garbage-first heap   total 520192K, used 425479K [0x0000000080000000, 0x0000000100000000)
  region size 1024K, 196 young (200704K), 2 survivors (2048K)
 Metaspace       used 182439K, capacity 187631K, committed 187728K, reserved 1212416K
  class space    used 22711K, capacity 24510K, committed 24576K, reserved 1048576K
}
Event: 1982.007 GC heap after
{Heap after GC invocations=34 (full 0):
 garbage-first heap   total 520192K, used 231976K [0x0000000080000000, 0x0000000100000000)
  region size 1024K, 6 young (6144K), 6 survivors (6144K)
 Metaspace       used 182439K, capacity 187631K, committed 187728K, reserved 1212416K
  class space    used 22711K, capacity 24510K, committed 24576K, reserved 1048576K
}

